<?xml version="1.0" encoding="UTF-8"?>
<!-- Generated by org.testng.reporters.JUnitXMLReporter -->
<testsuite hostname="lx-PC" ignored="0" name="Command line test" tests="3" failures="0" timestamp="17 十一月 2020 02:15:37 GMT" time="0.061" errors="0">
  <testcase name="testDataProvider" time="0.009" classname="com.markerhub.service.impl.testservice"/>
  <testcase name="testDataProvider" time="0.0" classname="com.markerhub.service.impl.testservice"/>
  <testcase name="testDataProvider" time="0.0" classname="com.markerhub.service.impl.testservice"/>
</testsuite> <!-- Command line test -->
