<?xml version="1.0" encoding="UTF-8"?>
<testng-results skipped="0" failed="0" ignored="0" total="7" passed="7">
  <reporter-output>
  </reporter-output>
  <suite name="managertest" duration-ms="2695" started-at="2021-01-05T03:23:11Z" finished-at="2021-01-05T03:23:14Z">
    <groups>
    </groups>
    <test name="管理端app接口项目测试" duration-ms="2695" started-at="2021-01-05T03:23:11Z" finished-at="2021-01-05T03:23:14Z">
      <class name="com.markerhub.caseTestNG.testservice">
        <test-method status="PASS" signature="testDataProvider(com.markerhub.entity.MyFirstModel)[pri:0, instance:com.markerhub.caseTestNG.testservice@321e8058]" name="testDataProvider" duration-ms="19" started-at="2021-01-05T03:23:11Z" data-provider="data" finished-at="2021-01-05T03:23:11Z">
          <params>
            <param index="0">
              <value>
                <![CDATA[MyFirstModel{id='2738763350', caseId='pt-1', projectName='案例', subordinateModule='案例', caseName='post无数据', url='http://127.0.0.1:8081/my-first-model/findCase', header='', data='{}', params='', requestMethod='POST', cookie='', caseDescription='post请求，且没有请求数据', token='', dependData='', listAssert='', listVagueAssert='', commonAssert='{"$.code":"200","msg":"操作成功"}', getCookie='', remark='', assertResult='Y', editor='hpz', performer='hpz'}]]>
              </value>
            </param>
          </params>
          <reporter-output>
          </reporter-output>
        </test-method> <!-- testDataProvider -->
        <test-method status="PASS" signature="testDataProvider(com.markerhub.entity.MyFirstModel)[pri:0, instance:com.markerhub.caseTestNG.testservice@321e8058]" name="testDataProvider" duration-ms="22" started-at="2021-01-05T03:23:11Z" data-provider="data" finished-at="2021-01-05T03:23:11Z">
          <params>
            <param index="0">
              <value>
                <![CDATA[MyFirstModel{id='2738435512', caseId='pt-2', projectName='案例', subordinateModule='案例', caseName='psot有data', url='http://127.0.0.1:8081/my-first-model/findCase', header='', data='{"caseId":"","caseName":"","projectName":"案例","subordinateModule":"","editor":"","performer":""}', params='', requestMethod='POST', cookie='', caseDescription='post请求，且有请求数据data', token='', dependData='', listAssert='{"$..projectName":"案例"}', listVagueAssert='', commonAssert='', getCookie='', remark='', assertResult='Y', editor='hpz', performer='hpz'}]]>
              </value>
            </param>
          </params>
          <reporter-output>
          </reporter-output>
        </test-method> <!-- testDataProvider -->
        <test-method status="PASS" signature="testDataProvider(com.markerhub.entity.MyFirstModel)[pri:0, instance:com.markerhub.caseTestNG.testservice@321e8058]" name="testDataProvider" duration-ms="13" started-at="2021-01-05T03:23:11Z" data-provider="data" finished-at="2021-01-05T03:23:11Z">
          <params>
            <param index="0">
              <value>
                <![CDATA[MyFirstModel{id='2733593972', caseId='pt-3', projectName='案例', subordinateModule='案例', caseName='psot数据依赖', url='http://127.0.0.1:8081/my-first-model/findCase', header='', data='{"projectName":"","subordinateModule":"","editor":"","performer":""}', params='', requestMethod='POST', cookie='', caseDescription='post数据依赖', token='', dependData='{"pt-1":"caseId-$.data[1].caseId,caseName-$.data[1].caseName"}', listAssert='', listVagueAssert='', commonAssert='', getCookie='', remark='', assertResult='Y', editor='hpz', performer='hpz'}]]>
              </value>
            </param>
          </params>
          <reporter-output>
          </reporter-output>
        </test-method> <!-- testDataProvider -->
        <test-method status="PASS" signature="testDataProvider(com.markerhub.entity.MyFirstModel)[pri:0, instance:com.markerhub.caseTestNG.testservice@321e8058]" name="testDataProvider" duration-ms="1118" started-at="2021-01-05T03:23:11Z" data-provider="data" finished-at="2021-01-05T03:23:13Z">
          <params>
            <param index="0">
              <value>
                <![CDATA[MyFirstModel{id='2732570483', caseId='pt-4', projectName='案例', subordinateModule='案例', caseName='get请求url后面跟数据', url='https://api.xdclass.net/pub/api/v1/web/page_video?cp_id=1&page=1&size=20', header='', data='', params='', requestMethod='GET', cookie='', caseDescription='get请求url后面跟数据', token='', dependData='', listAssert='', listVagueAssert='', commonAssert='', getCookie='', remark='', assertResult='Y', editor='hpz', performer='hpz'}]]>
              </value>
            </param>
          </params>
          <reporter-output>
          </reporter-output>
        </test-method> <!-- testDataProvider -->
        <test-method status="PASS" signature="testDataProvider(com.markerhub.entity.MyFirstModel)[pri:0, instance:com.markerhub.caseTestNG.testservice@321e8058]" name="testDataProvider" duration-ms="622" started-at="2021-01-05T03:23:13Z" data-provider="data" finished-at="2021-01-05T03:23:13Z">
          <params>
            <param index="0">
              <value>
                <![CDATA[MyFirstModel{id='2733995880', caseId='pt-5', projectName='案例', subordinateModule='案例', caseName='get请求params加数据', url='https://api.xdclass.net/pub/api/v1/web/page_video', header='', data='', params='{"cp_id"=1,"page"=1,"size"=20}', requestMethod='GET', cookie='', caseDescription='get请求params加数据', token='', dependData='', listAssert='', listVagueAssert='', commonAssert='', getCookie='', remark='', assertResult='Y', editor='hpz', performer='hpz'}]]>
              </value>
            </param>
          </params>
          <reporter-output>
          </reporter-output>
        </test-method> <!-- testDataProvider -->
        <test-method status="PASS" signature="testDataProvider(com.markerhub.entity.MyFirstModel)[pri:0, instance:com.markerhub.caseTestNG.testservice@321e8058]" name="testDataProvider" duration-ms="529" started-at="2021-01-05T03:23:13Z" data-provider="data" finished-at="2021-01-05T03:23:14Z">
          <params>
            <param index="0">
              <value>
                <![CDATA[MyFirstModel{id='2734057150', caseId='pt-6', projectName='案例', subordinateModule='案例', caseName='get请求无数据', url='https://api.xdclass.net/pub/api/v1/web/page_video', header='', data='', params='{}', requestMethod='GET', cookie='', caseDescription='get请求无数据', token='', dependData='', listAssert='', listVagueAssert='', commonAssert='', getCookie='', remark='', assertResult='Y', editor='hpz', performer='hpz'}]]>
              </value>
            </param>
          </params>
          <reporter-output>
          </reporter-output>
        </test-method> <!-- testDataProvider -->
        <test-method status="PASS" signature="testDataProvider(com.markerhub.entity.MyFirstModel)[pri:0, instance:com.markerhub.caseTestNG.testservice@321e8058]" name="testDataProvider" duration-ms="370" started-at="2021-01-05T03:23:14Z" data-provider="data" finished-at="2021-01-05T03:23:14Z">
          <params>
            <param index="0">
              <value>
                <![CDATA[MyFirstModel{id='4546432836', caseId='pt-7', projectName='案例', subordinateModule='案例', caseName='post无数据', url='https://api.xdclass.net/pub/api/v1/web/web_login', header='', data='', params='', requestMethod='POST', cookie='', caseDescription='post用formData请求', token='', dependData='', listAssert='', listVagueAssert='', commonAssert='', getCookie='', remark='', assertResult='Y', editor='hpz', performer='hpz'}]]>
              </value>
            </param>
          </params>
          <reporter-output>
          </reporter-output>
        </test-method> <!-- testDataProvider -->
      </class> <!-- com.markerhub.caseTestNG.testservice -->
    </test> <!-- 管理端app接口项目测试 -->
  </suite> <!-- managertest -->
</testng-results>
