<?xml version="1.0" encoding="UTF-8"?>
<testng-results skipped="0" failed="1" ignored="0" total="8" passed="7">
  <reporter-output>
  </reporter-output>
  <suite name="managertest" duration-ms="1685" started-at="2021-01-07T15:24:16Z" finished-at="2021-01-07T15:24:18Z">
    <groups>
    </groups>
    <test name="管理端app接口项目测试" duration-ms="1685" started-at="2021-01-07T15:24:16Z" finished-at="2021-01-07T15:24:18Z">
      <class name="com.markerhub.caseTestNG.testservice">
        <test-method status="PASS" signature="testDataProvider(com.markerhub.entity.MyFirstModel)[pri:0, instance:com.markerhub.caseTestNG.testservice@2e28c157]" name="testDataProvider" duration-ms="372" started-at="2021-01-07T15:24:16Z" data-provider="data" finished-at="2021-01-07T15:24:17Z">
          <params>
            <param index="0">
              <value>
                <![CDATA[MyFirstModel{id='7', caseId='pt-1', projectName='案例', subordinateModule='案例', caseName='post无数据', url='http://127.0.0.1:8081/my-first-model/findCase', header='', data='{}', params='', requestMethod='POST', cookie='', caseDescription='post请求，且没有请求数据', token='', dependData='', listAssert='', listVagueAssert='', commonAssert='{"$.code":"200","msg":"操作成功"}', getCookie='', remark='', assertResult='Y', editor='hpz', performer='hpz'}]]>
              </value>
            </param>
          </params>
          <reporter-output>
          </reporter-output>
        </test-method> <!-- testDataProvider -->
        <test-method status="PASS" signature="testDataProvider(com.markerhub.entity.MyFirstModel)[pri:0, instance:com.markerhub.caseTestNG.testservice@2e28c157]" name="testDataProvider" duration-ms="28" started-at="2021-01-07T15:24:17Z" data-provider="data" finished-at="2021-01-07T15:24:17Z">
          <params>
            <param index="0">
              <value>
                <![CDATA[MyFirstModel{id='6', caseId='pt-2', projectName='案例', subordinateModule='案例', caseName='psot有data', url='http://127.0.0.1:8081/my-first-model/findCase', header='', data='{"caseId":"","caseName":"","projectName":"案例","subordinateModule":"","editor":"","performer":""}', params='', requestMethod='POST', cookie='', caseDescription='post请求，且有请求数据data', token='', dependData='', listAssert='{"$..projectName":"案例"}', listVagueAssert='', commonAssert='', getCookie='', remark='', assertResult='Y', editor='hpz', performer='hpz'}]]>
              </value>
            </param>
          </params>
          <reporter-output>
          </reporter-output>
        </test-method> <!-- testDataProvider -->
        <test-method status="PASS" signature="testDataProvider(com.markerhub.entity.MyFirstModel)[pri:0, instance:com.markerhub.caseTestNG.testservice@2e28c157]" name="testDataProvider" duration-ms="51" started-at="2021-01-07T15:24:17Z" data-provider="data" finished-at="2021-01-07T15:24:17Z">
          <params>
            <param index="0">
              <value>
                <![CDATA[MyFirstModel{id='3', caseId='pt-3', projectName='案例', subordinateModule='案例', caseName='psot数据依赖', url='http://127.0.0.1:8081/my-first-model/findCase', header='', data='{"projectName":"","subordinateModule":"","editor":"","performer":""}', params='', requestMethod='POST', cookie='', caseDescription='post数据依赖', token='', dependData='{"pt-1":"caseId-$.data[1].caseId,caseName-$.data[1].caseName"}', listAssert='', listVagueAssert='', commonAssert='', getCookie='', remark='', assertResult='Y', editor='hpz', performer='hpz'}]]>
              </value>
            </param>
          </params>
          <reporter-output>
          </reporter-output>
        </test-method> <!-- testDataProvider -->
        <test-method status="PASS" signature="testDataProvider(com.markerhub.entity.MyFirstModel)[pri:0, instance:com.markerhub.caseTestNG.testservice@2e28c157]" name="testDataProvider" duration-ms="408" started-at="2021-01-07T15:24:17Z" data-provider="data" finished-at="2021-01-07T15:24:17Z">
          <params>
            <param index="0">
              <value>
                <![CDATA[MyFirstModel{id='2', caseId='pt-4', projectName='案例', subordinateModule='案例', caseName='get请求url后面跟数据', url='https://api.xdclass.net/pub/api/v1/web/page_video?cp_id=1&page=1&size=20', header='', data='', params='', requestMethod='GET', cookie='', caseDescription='get请求url后面跟数据', token='', dependData='', listAssert='', listVagueAssert='', commonAssert='', getCookie='', remark='', assertResult='Y', editor='hpz', performer='hpz'}]]>
              </value>
            </param>
          </params>
          <reporter-output>
          </reporter-output>
        </test-method> <!-- testDataProvider -->
        <test-method status="PASS" signature="testDataProvider(com.markerhub.entity.MyFirstModel)[pri:0, instance:com.markerhub.caseTestNG.testservice@2e28c157]" name="testDataProvider" duration-ms="221" started-at="2021-01-07T15:24:17Z" data-provider="data" finished-at="2021-01-07T15:24:17Z">
          <params>
            <param index="0">
              <value>
                <![CDATA[MyFirstModel{id='4', caseId='pt-5', projectName='案例', subordinateModule='案例', caseName='get请求params加数据', url='https://api.xdclass.net/pub/api/v1/web/page_video', header='', data='', params='{"cp_id"=1,"page"=1,"size"=20}', requestMethod='GET', cookie='', caseDescription='get请求params加数据', token='', dependData='', listAssert='', listVagueAssert='', commonAssert='', getCookie='', remark='', assertResult='Y', editor='hpz', performer='hpz'}]]>
              </value>
            </param>
          </params>
          <reporter-output>
          </reporter-output>
        </test-method> <!-- testDataProvider -->
        <test-method status="PASS" signature="testDataProvider(com.markerhub.entity.MyFirstModel)[pri:0, instance:com.markerhub.caseTestNG.testservice@2e28c157]" name="testDataProvider" duration-ms="216" started-at="2021-01-07T15:24:17Z" data-provider="data" finished-at="2021-01-07T15:24:18Z">
          <params>
            <param index="0">
              <value>
                <![CDATA[MyFirstModel{id='5', caseId='pt-6', projectName='案例', subordinateModule='案例', caseName='get请求无数据', url='https://api.xdclass.net/pub/api/v1/web/page_video', header='', data='', params='{}', requestMethod='GET', cookie='', caseDescription='get请求无数据', token='', dependData='', listAssert='', listVagueAssert='', commonAssert='', getCookie='', remark='', assertResult='Y', editor='hpz', performer='hpz'}]]>
              </value>
            </param>
          </params>
          <reporter-output>
          </reporter-output>
        </test-method> <!-- testDataProvider -->
        <test-method status="PASS" signature="testDataProvider(com.markerhub.entity.MyFirstModel)[pri:0, instance:com.markerhub.caseTestNG.testservice@2e28c157]" name="testDataProvider" duration-ms="179" started-at="2021-01-07T15:24:18Z" data-provider="data" finished-at="2021-01-07T15:24:18Z">
          <params>
            <param index="0">
              <value>
                <![CDATA[MyFirstModel{id='8', caseId='pt-7', projectName='案例', subordinateModule='案例', caseName='post无数据', url='https://api.xdclass.net/pub/api/v1/web/web_login', header='', data='', params='', requestMethod='POST', cookie='', caseDescription='post用formData请求', token='', dependData='', listAssert='', listVagueAssert='', commonAssert='', getCookie='', remark='', assertResult='Y', editor='hpz', performer='hpz'}]]>
              </value>
            </param>
          </params>
          <reporter-output>
          </reporter-output>
        </test-method> <!-- testDataProvider -->
        <test-method status="FAIL" signature="testDataProvider(com.markerhub.entity.MyFirstModel)[pri:0, instance:com.markerhub.caseTestNG.testservice@2e28c157]" name="testDataProvider" duration-ms="174" started-at="2021-01-07T15:24:18Z" data-provider="data" finished-at="2021-01-07T15:24:18Z">
          <params>
            <param index="0">
              <value>
                <![CDATA[MyFirstModel{id='1', caseId='pt-8', projectName='案例', subordinateModule='案例', caseName='断言失败', url='https://api.xdclass.net/pub/api/v1/web/web_login', header='', data='', params='', requestMethod='POST', cookie='', caseDescription='', token='', dependData='', listAssert='', listVagueAssert='', commonAssert='{"$.code":"200"}', getCookie='', remark='', assertResult='0!=200不相等,普通断言失败', editor='', performer=''}]]>
              </value>
            </param>
          </params>
          <exception class="com.markerhub.ExceptionCustom.CaseAssertException">
            <message>
              <![CDATA[0!=200不相等,普通断言失败]]>
            </message>
            <full-stacktrace>
              <![CDATA[com.markerhub.ExceptionCustom.CaseAssertException: 0!=200不相等,普通断言失败
at com.markerhub.caseTestNG.caseAssert.commonAssert(caseAssert.java:39)
at com.markerhub.caseTestNG.testservice.testDataProvider(testservice.java:28)
at sun.reflect.NativeMethodAccessorImpl.invoke0(Native Method)
at sun.reflect.NativeMethodAccessorImpl.invoke(NativeMethodAccessorImpl.java:62)
at sun.reflect.DelegatingMethodAccessorImpl.invoke(DelegatingMethodAccessorImpl.java:43)
at java.lang.reflect.Method.invoke(Method.java:483)
at org.testng.internal.MethodInvocationHelper.invokeMethod(MethodInvocationHelper.java:124)
at org.testng.internal.Invoker.invokeMethod(Invoker.java:583)
at org.testng.internal.Invoker.invokeTestMethod(Invoker.java:719)
at org.testng.internal.Invoker.invokeTestMethods(Invoker.java:989)
at org.testng.internal.TestMethodWorker.invokeTestMethods(TestMethodWorker.java:125)
at org.testng.internal.TestMethodWorker.run(TestMethodWorker.java:109)
at org.testng.TestRunner.privateRun(TestRunner.java:648)
at org.testng.TestRunner.run(TestRunner.java:505)
at org.testng.SuiteRunner.runTest(SuiteRunner.java:455)
at org.testng.SuiteRunner.runSequentially(SuiteRunner.java:450)
at org.testng.SuiteRunner.privateRun(SuiteRunner.java:415)
at org.testng.SuiteRunner.run(SuiteRunner.java:364)
at org.testng.SuiteRunnerWorker.runSuite(SuiteRunnerWorker.java:52)
at org.testng.SuiteRunnerWorker.run(SuiteRunnerWorker.java:84)
at org.testng.TestNG.runSuitesSequentially(TestNG.java:1208)
at org.testng.TestNG.runSuitesLocally(TestNG.java:1137)
at org.testng.TestNG.runSuites(TestNG.java:1049)
at org.testng.TestNG.run(TestNG.java:1017)
at com.markerhub.caseTestNG.Entry.callTestNG(Entry.java:32)
at com.markerhub.service.impl.MyFirstModelServiceImpl.batchExecutionCase(MyFirstModelServiceImpl.java:231)
at sun.reflect.NativeMethodAccessorImpl.invoke0(Native Method)
at sun.reflect.NativeMethodAccessorImpl.invoke(NativeMethodAccessorImpl.java:62)
at sun.reflect.DelegatingMethodAccessorImpl.invoke(DelegatingMethodAccessorImpl.java:43)
at java.lang.reflect.Method.invoke(Method.java:483)
at org.springframework.aop.support.AopUtils.invokeJoinpointUsingReflection(AopUtils.java:344)
at org.springframework.aop.framework.JdkDynamicAopProxy.invoke(JdkDynamicAopProxy.java:205)
at com.sun.proxy.$Proxy74.batchExecutionCase(Unknown Source)
at com.markerhub.controller.MyFirstModelController.batchExecutionCase(MyFirstModelController.java:173)
at sun.reflect.NativeMethodAccessorImpl.invoke0(Native Method)
at sun.reflect.NativeMethodAccessorImpl.invoke(NativeMethodAccessorImpl.java:62)
at sun.reflect.DelegatingMethodAccessorImpl.invoke(DelegatingMethodAccessorImpl.java:43)
at java.lang.reflect.Method.invoke(Method.java:483)
at org.springframework.web.method.support.InvocableHandlerMethod.doInvoke(InvocableHandlerMethod.java:190)
at org.springframework.web.method.support.InvocableHandlerMethod.invokeForRequest(InvocableHandlerMethod.java:138)
at org.springframework.web.servlet.mvc.method.annotation.ServletInvocableHandlerMethod.invokeAndHandle(ServletInvocableHandlerMethod.java:105)
at org.springframework.web.servlet.mvc.method.annotation.RequestMappingHandlerAdapter.invokeHandlerMethod(RequestMappingHandlerAdapter.java:879)
at org.springframework.web.servlet.mvc.method.annotation.RequestMappingHandlerAdapter.handleInternal(RequestMappingHandlerAdapter.java:793)
at org.springframework.web.servlet.mvc.method.AbstractHandlerMethodAdapter.handle(AbstractHandlerMethodAdapter.java:87)
at org.springframework.web.servlet.DispatcherServlet.doDispatch(DispatcherServlet.java:1040)
at org.springframework.web.servlet.DispatcherServlet.doService(DispatcherServlet.java:943)
at org.springframework.web.servlet.FrameworkServlet.processRequest(FrameworkServlet.java:1006)
at org.springframework.web.servlet.FrameworkServlet.doPost(FrameworkServlet.java:909)
at javax.servlet.http.HttpServlet.service(HttpServlet.java:660)
at org.springframework.web.servlet.FrameworkServlet.service(FrameworkServlet.java:883)
at javax.servlet.http.HttpServlet.service(HttpServlet.java:741)
at org.apache.catalina.core.ApplicationFilterChain.internalDoFilter(ApplicationFilterChain.java:231)
at org.apache.catalina.core.ApplicationFilterChain.doFilter(ApplicationFilterChain.java:166)
at org.apache.tomcat.websocket.server.WsFilter.doFilter(WsFilter.java:53)
at org.apache.catalina.core.ApplicationFilterChain.internalDoFilter(ApplicationFilterChain.java:193)
at org.apache.catalina.core.ApplicationFilterChain.doFilter(ApplicationFilterChain.java:166)
at org.springframework.web.filter.RequestContextFilter.doFilterInternal(RequestContextFilter.java:100)
at org.springframework.web.filter.OncePerRequestFilter.doFilter(OncePerRequestFilter.java:119)
at org.apache.catalina.core.ApplicationFilterChain.internalDoFilter(ApplicationFilterChain.java:193)
at org.apache.catalina.core.ApplicationFilterChain.doFilter(ApplicationFilterChain.java:166)
at org.springframework.web.filter.FormContentFilter.doFilterInternal(FormContentFilter.java:93)
at org.springframework.web.filter.OncePerRequestFilter.doFilter(OncePerRequestFilter.java:119)
at org.apache.catalina.core.ApplicationFilterChain.internalDoFilter(ApplicationFilterChain.java:193)
at org.apache.catalina.core.ApplicationFilterChain.doFilter(ApplicationFilterChain.java:166)
at org.springframework.web.filter.CharacterEncodingFilter.doFilterInternal(CharacterEncodingFilter.java:201)
at org.springframework.web.filter.OncePerRequestFilter.doFilter(OncePerRequestFilter.java:119)
at org.apache.catalina.core.ApplicationFilterChain.internalDoFilter(ApplicationFilterChain.java:193)
at org.apache.catalina.core.ApplicationFilterChain.doFilter(ApplicationFilterChain.java:166)
at org.apache.catalina.core.StandardWrapperValve.invoke(StandardWrapperValve.java:202)
at org.apache.catalina.core.StandardContextValve.invoke(StandardContextValve.java:96)
at org.apache.catalina.authenticator.AuthenticatorBase.invoke(AuthenticatorBase.java:541)
at org.apache.catalina.core.StandardHostValve.invoke(StandardHostValve.java:139)
at org.apache.catalina.valves.ErrorReportValve.invoke(ErrorReportValve.java:92)
at org.apache.catalina.core.StandardEngineValve.invoke(StandardEngineValve.java:74)
at org.apache.catalina.connector.CoyoteAdapter.service(CoyoteAdapter.java:343)
at org.apache.coyote.http11.Http11Processor.service(Http11Processor.java:373)
at org.apache.coyote.AbstractProcessorLight.process(AbstractProcessorLight.java:65)
at org.apache.coyote.AbstractProtocol$ConnectionHandler.process(AbstractProtocol.java:868)
at org.apache.tomcat.util.net.NioEndpoint$SocketProcessor.doRun(NioEndpoint.java:1594)
at org.apache.tomcat.util.net.SocketProcessorBase.run(SocketProcessorBase.java:49)
at java.util.concurrent.ThreadPoolExecutor.runWorker(ThreadPoolExecutor.java:1142)
at java.util.concurrent.ThreadPoolExecutor$Worker.run(ThreadPoolExecutor.java:617)
at org.apache.tomcat.util.threads.TaskThread$WrappingRunnable.run(TaskThread.java:61)
at java.lang.Thread.run(Thread.java:745)
]]>
            </full-stacktrace>
          </exception> <!-- com.markerhub.ExceptionCustom.CaseAssertException -->
          <reporter-output>
          </reporter-output>
        </test-method> <!-- testDataProvider -->
      </class> <!-- com.markerhub.caseTestNG.testservice -->
    </test> <!-- 管理端app接口项目测试 -->
  </suite> <!-- managertest -->
</testng-results>
