<?xml version="1.0" encoding="UTF-8"?>
<testng-results skipped="0" failed="0" ignored="0" total="1" passed="1">
  <reporter-output>
  </reporter-output>
  <suite name="managertest" duration-ms="788" started-at="2020-12-14T07:07:25Z" finished-at="2020-12-14T07:07:26Z">
    <groups>
    </groups>
    <test name="管理端app接口项目测试" duration-ms="788" started-at="2020-12-14T07:07:25Z" finished-at="2020-12-14T07:07:26Z">
      <class name="com.markerhub.caseTestNG.testservice">
        <test-method status="PASS" signature="testDataProvider(com.markerhub.entity.MyFirstModel)[pri:0, instance:com.markerhub.caseTestNG.testservice@4b479fe]" name="testDataProvider" duration-ms="738" started-at="2020-12-14T07:07:25Z" data-provider="data" finished-at="2020-12-14T07:07:26Z">
          <params>
            <param index="0">
              <value>
                <![CDATA[MyFirstModel{id='1828443672', caseId='test-1', projectName='测试', subordinateModule='测试', caseName='{}', url='http://127.0.0.1:8081/my-first-model/findCase', header='', data='{"id":"","caseId":"17","projectName":"","subordinateModule":"","caseName":"","url":"","header":"","data":"","params":"","requestMethod":"","cookie":"","caseDescription":"","token":"","dependData":"","listAssert":"","listVagueAssert":"","commonAssert":"","getCookie":"","remark":"","assertResult":"","editor":"","performer":"","cookieStore":null,"parameterToken":null,"requestResult":null}', params='', requestMethod='POST', cookie='', caseDescription='', token='', dependData='', listAssert='', listVagueAssert='', commonAssert='', getCookie='', remark='', assertResult='Y', editor='侯鹏哲', performer='侯鹏哲'}]]>
              </value>
            </param>
          </params>
          <reporter-output>
          </reporter-output>
        </test-method> <!-- testDataProvider -->
      </class> <!-- com.markerhub.caseTestNG.testservice -->
    </test> <!-- 管理端app接口项目测试 -->
  </suite> <!-- managertest -->
</testng-results>
