<?xml version="1.0" encoding="UTF-8"?>
<testng-results skipped="0" failed="0" ignored="0" total="1" passed="1">
  <reporter-output>
  </reporter-output>
  <suite name="Command line suite" duration-ms="18" started-at="2020-12-03T07:41:44Z" finished-at="2020-12-03T07:41:44Z">
    <groups>
    </groups>
    <test name="Command line test" duration-ms="18" started-at="2020-12-03T07:41:44Z" finished-at="2020-12-03T07:41:44Z">
      <class name="com.markerhub.caseTestNG.testservice">
        <test-method status="PASS" signature="testDataProvider(com.markerhub.entity.MyFirstModel)[pri:0, instance:com.markerhub.caseTestNG.testservice@f512cf4]" name="testDataProvider" duration-ms="18" started-at="2020-12-03T07:41:44Z" data-provider="data" finished-at="2020-12-03T07:41:44Z">
          <params>
            <param index="0">
              <value>
                <![CDATA[MyFirstModel{id='1828443672', caseId='test-1', projectName='测试', subordinateModule='测试', caseName='{}', url='http://127.0.0.1:8081/my-first-model/findCase', header='', data='{}', params='', requestMethod='POST', cookie='', caseDescription='', token='', dependData='', listAssert='', listVagueAssert='', commonAssert='', getCookie='', remark='', assertResult='', editor='侯鹏哲', performer='侯鹏哲'}]]>
              </value>
            </param>
          </params>
          <reporter-output>
          </reporter-output>
        </test-method> <!-- testDataProvider -->
      </class> <!-- com.markerhub.caseTestNG.testservice -->
    </test> <!-- Command line test -->
  </suite> <!-- Command line suite -->
</testng-results>
