<?xml version="1.0" encoding="UTF-8"?>
<testng-results skipped="0" failed="0" ignored="0" total="1" passed="1">
  <reporter-output>
  </reporter-output>
  <suite name="managertest" duration-ms="566" started-at="2021-01-02T10:01:06Z" finished-at="2021-01-02T10:01:07Z">
    <groups>
    </groups>
    <test name="管理端app接口项目测试" duration-ms="566" started-at="2021-01-02T10:01:06Z" finished-at="2021-01-02T10:01:07Z">
      <class name="com.markerhub.caseTestNG.testservice">
        <test-method status="PASS" signature="testDataProvider(com.markerhub.entity.MyFirstModel)[pri:0, instance:com.markerhub.caseTestNG.testservice@6d7caa21]" name="testDataProvider" duration-ms="540" started-at="2021-01-02T10:01:06Z" data-provider="data" finished-at="2021-01-02T10:01:07Z">
          <params>
            <param index="0">
              <value>
                <![CDATA[MyFirstModel{id='4546432836', caseId='pt-7', projectName='案例', subordinateModule='案例', caseName='post无数据', url='https://api.xdclass.net/pub/api/v1/web/web_login', header='', data='', params='', requestMethod='POST', cookie='', caseDescription='post用formData请求', token='', dependData='', listAssert='', listVagueAssert='', commonAssert='', getCookie='', remark='', assertResult='Y', editor='hpz', performer='hpz'}]]>
              </value>
            </param>
          </params>
          <reporter-output>
          </reporter-output>
        </test-method> <!-- testDataProvider -->
      </class> <!-- com.markerhub.caseTestNG.testservice -->
    </test> <!-- 管理端app接口项目测试 -->
  </suite> <!-- managertest -->
</testng-results>
